<?xml version="1.0" encoding="UTF-8"?>
<!-- Generated by org.testng.reporters.JUnitXMLReporter -->
<testsuite hostname="DESKTOP-R0QK2O8" ignored="2" name="Regression test" tests="2" failures="0" timestamp="26 Feb 2019 03:19:59 GMT" time="0.079" errors="0">
  <testcase name="testcase4" time="0.007" classname="day12.TestNgTesting"/>
  <testcase name="testcase6" time="0.004" classname="day12.TestNgTesting"/>
  <testcase name="testcase3" time="0.0" classname="day12.TestNgTesting">
    <ignored/>
  </testcase> <!-- testcase3 -->
  <testcase name="testcase1" time="0.0" classname="day12.TestNgTesting">
    <ignored/>
  </testcase> <!-- testcase1 -->
</testsuite> <!-- Regression test -->
